{
  "RSpec": {
    "coverage": {
      "/Users/willmedders/turing/2mod/projects/relational_rails/config/environment.rb": {
        "lines": [
          null,
          1,
          null,
          null,
          1
        ]
      },
      "/Users/willmedders/turing/2mod/projects/relational_rails/config/application.rb": {
        "lines": [
          1,
          null,
          1,
          null,
          1,
          1,
          1,
          1,
          1,
          1,
          1,
          1,
          1,
          null,
          null,
          null,
          null,
          1,
          null,
          1,
          1,
          null,
          1,
          null,
          null,
          null,
          null,
          null,
          null,
          null,
          1,
          null,
          null
        ]
      },
      "/Users/willmedders/turing/2mod/projects/relational_rails/config/boot.rb": {
        "lines": [
          1,
          null,
          1,
          1
        ]
      },
      "/Users/willmedders/turing/2mod/projects/relational_rails/config/environments/test.rb": {
        "lines": [
          1,
          null,
          null,
          null,
          null,
          null,
          null,
          1,
          null,
          null,
          null,
          null,
          1,
          null,
          null,
          1,
          1,
          null,
          null,
          null,
          null,
          1,
          1,
          null,
          null,
          1,
          null,
          null,
          1,
          null,
          null,
          1,
          null,
          1,
          null,
          null,
          null,
          null,
          1,
          null,
          null,
          1,
          null,
          null,
          null,
          null
        ]
      },
      "/Users/willmedders/turing/2mod/projects/relational_rails/config/initializers/application_controller_renderer.rb": {
        "lines": [
          null,
          null,
          null,
          null,
          null,
          null,
          null,
          null
        ]
      },
      "/Users/willmedders/turing/2mod/projects/relational_rails/config/initializers/assets.rb": {
        "lines": [
          null,
          null,
          null,
          1,
          null,
          null,
          null,
          null,
          1,
          null,
          null,
          null,
          null,
          null
        ]
      },
      "/Users/willmedders/turing/2mod/projects/relational_rails/config/initializers/backtrace_silencers.rb": {
        "lines": [
          null,
          null,
          null,
          null,
          null,
          null,
          null
        ]
      },
      "/Users/willmedders/turing/2mod/projects/relational_rails/config/initializers/content_security_policy.rb": {
        "lines": [
          null,
          null,
          null,
          null,
          null,
          null,
          null,
          null,
          null,
          null,
          null,
          null,
          null,
          null,
          null,
          null,
          null,
          null,
          null,
          null,
          null,
          null,
          null,
          null,
          null
        ]
      },
      "/Users/willmedders/turing/2mod/projects/relational_rails/config/initializers/cookies_serializer.rb": {
        "lines": [
          null,
          null,
          null,
          null,
          1
        ]
      },
      "/Users/willmedders/turing/2mod/projects/relational_rails/config/initializers/filter_parameter_logging.rb": {
        "lines": [
          null,
          null,
          null,
          1
        ]
      },
      "/Users/willmedders/turing/2mod/projects/relational_rails/config/initializers/inflections.rb": {
        "lines": [
          null,
          null,
          null,
          null,
          null,
          null,
          null,
          null,
          null,
          null,
          null,
          null,
          null,
          null,
          null,
          null
        ]
      },
      "/Users/willmedders/turing/2mod/projects/relational_rails/config/initializers/mime_types.rb": {
        "lines": [
          null,
          null,
          null,
          null
        ]
      },
      "/Users/willmedders/turing/2mod/projects/relational_rails/config/initializers/wrap_parameters.rb": {
        "lines": [
          null,
          null,
          null,
          null,
          null,
          null,
          1,
          2,
          null,
          null,
          null,
          null,
          null,
          null
        ]
      },
      "/Users/willmedders/turing/2mod/projects/relational_rails/config/routes.rb": {
        "lines": [
          1,
          null,
          1,
          1,
          1,
          1,
          1,
          1,
          1,
          1,
          null
        ]
      },
      "/Users/willmedders/turing/2mod/projects/relational_rails/app/helpers/application_helper.rb": {
        "lines": [
          1,
          null
        ]
      },
      "/Users/willmedders/turing/2mod/projects/relational_rails/spec/features/blade_smiths/blades/index_spec.rb": {
        "lines": [
          1,
          null,
          1,
          1,
          3,
          3,
          3,
          3,
          3,
          null,
          1,
          1,
          1,
          1,
          1,
          1,
          1,
          1,
          1,
          1,
          null,
          null,
          1,
          1,
          1,
          null,
          null,
          1,
          1,
          1,
          null,
          null
        ]
      },
      "/Users/willmedders/turing/2mod/projects/relational_rails/spec/features/blade_smiths/new_spec.rb": {
        "lines": [
          1,
          null,
          1,
          1,
          1,
          1,
          null,
          null,
          1,
          1,
          1,
          1,
          1,
          1,
          1,
          null,
          1,
          1,
          1,
          null,
          null
        ]
      },
      "/Users/willmedders/turing/2mod/projects/relational_rails/spec/features/blade_smiths/update_spec.rb": {
        "lines": [
          1,
          null,
          1,
          1,
          2,
          null,
          1,
          1,
          0,
          null,
          null,
          1,
          1,
          0,
          0,
          null,
          0,
          0,
          null,
          null
        ]
      },
      "/Users/willmedders/turing/2mod/projects/relational_rails/spec/features/blades/blades_spec.rb": {
        "lines": [
          1,
          null,
          1,
          1,
          6,
          6,
          6,
          6,
          6,
          null,
          1,
          1,
          1,
          1,
          1,
          1,
          1,
          1,
          1,
          1,
          1,
          null,
          1,
          1,
          1,
          1,
          1,
          1,
          1,
          1,
          null,
          1,
          1,
          1,
          1,
          1,
          1,
          1,
          1,
          null,
          1,
          1,
          1,
          1,
          1,
          1,
          1,
          1,
          null,
          null,
          1,
          1,
          1,
          null,
          null,
          1,
          1,
          1,
          null,
          null,
          null,
          null,
          1,
          1,
          1,
          1,
          1,
          1,
          1,
          1,
          1,
          1,
          1,
          null,
          null,
          1,
          1,
          1,
          null,
          null,
          1,
          1,
          1,
          1,
          1,
          1,
          1,
          1,
          1,
          null,
          null,
          null
        ]
      },
      "/Users/willmedders/turing/2mod/projects/relational_rails/spec/models/blade_smith_spec.rb": {
        "lines": [
          1,
          null,
          1,
          2,
          null,
          1,
          1,
          1,
          1,
          1,
          1,
          1,
          1,
          null,
          null,
          1,
          1,
          1,
          1,
          1,
          1,
          1,
          null,
          1,
          null,
          null,
          null
        ]
      },
      "/Users/willmedders/turing/2mod/projects/relational_rails/app/models/blade_smith.rb": {
        "lines": [
          1,
          1,
          null,
          1,
          6,
          null,
          null,
          1,
          24,
          null,
          null
        ]
      },
      "/Users/willmedders/turing/2mod/projects/relational_rails/app/models/application_record.rb": {
        "lines": [
          1,
          1,
          null
        ]
      },
      "/Users/willmedders/turing/2mod/projects/relational_rails/spec/models/blade_spec.rb": {
        "lines": [
          1,
          null,
          1,
          2,
          null
        ]
      },
      "/Users/willmedders/turing/2mod/projects/relational_rails/app/models/blade.rb": {
        "lines": [
          1,
          1,
          null
        ]
      },
      "/Users/willmedders/turing/2mod/projects/relational_rails/app/controllers/blade_smiths_controller.rb": {
        "lines": [
          1,
          null,
          1,
          5,
          null,
          null,
          1,
          19,
          null,
          null,
          1,
          null,
          null,
          1,
          1,
          1,
          null,
          null,
          1,
          2,
          null,
          null,
          1,
          1,
          null,
          null
        ]
      },
      "/Users/willmedders/turing/2mod/projects/relational_rails/app/controllers/application_controller.rb": {
        "lines": [
          1,
          null
        ]
      },
      "/Users/willmedders/turing/2mod/projects/relational_rails/app/controllers/blade_smith_blades_controller.rb": {
        "lines": [
          1,
          1,
          3,
          3,
          null,
          null
        ]
      },
      "/Users/willmedders/turing/2mod/projects/relational_rails/app/controllers/blades_controller.rb": {
        "lines": [
          1,
          1,
          3,
          null,
          null,
          1,
          6,
          null,
          null
        ]
      }
    },
    "timestamp": 1648419951
  }
}
